[0.605s] Invoking command in '/home/hycon/autoware_node/autoware_pubsub': PYTHONPATH=/home/hycon/autoware_node/build/autoware_pubsub/prefix_override:/usr/lib/python3/dist-packages/colcon_core/task/python/colcon_distutils_commands:/home/hycon/autoware_node/install/autoware_pubsub/lib/python3.10/site-packages:${PYTHONPATH} /usr/bin/python3 -W ignore:setup.py install is deprecated setup.py egg_info --egg-base ../build/autoware_pubsub build --build-base /home/hycon/autoware_node/build/autoware_pubsub/build install --record /home/hycon/autoware_node/build/autoware_pubsub/install.log --single-version-externally-managed install_data
[0.810s] running egg_info
[0.810s] writing ../build/autoware_pubsub/autoware_pubsub.egg-info/PKG-INFO
[0.811s] writing dependency_links to ../build/autoware_pubsub/autoware_pubsub.egg-info/dependency_links.txt
[0.811s] writing entry points to ../build/autoware_pubsub/autoware_pubsub.egg-info/entry_points.txt
[0.811s] writing requirements to ../build/autoware_pubsub/autoware_pubsub.egg-info/requires.txt
[0.811s] writing top-level names to ../build/autoware_pubsub/autoware_pubsub.egg-info/top_level.txt
[0.812s] reading manifest file '../build/autoware_pubsub/autoware_pubsub.egg-info/SOURCES.txt'
[0.813s] writing manifest file '../build/autoware_pubsub/autoware_pubsub.egg-info/SOURCES.txt'
[0.813s] running build
[0.813s] running build_py
[0.813s] running install
[0.813s] running install_lib
[0.814s] running install_data
[0.814s] running install_egg_info
[0.815s] removing '/home/hycon/autoware_node/install/autoware_pubsub/lib/python3.10/site-packages/autoware_pubsub-0.0.0-py3.10.egg-info' (and everything under it)
[0.815s] Copying ../build/autoware_pubsub/autoware_pubsub.egg-info to /home/hycon/autoware_node/install/autoware_pubsub/lib/python3.10/site-packages/autoware_pubsub-0.0.0-py3.10.egg-info
[0.816s] running install_scripts
[0.831s] Installing pub script to /home/hycon/autoware_node/install/autoware_pubsub/lib/autoware_pubsub
[0.831s] Installing sub script to /home/hycon/autoware_node/install/autoware_pubsub/lib/autoware_pubsub
[0.831s] writing list of installed files to '/home/hycon/autoware_node/build/autoware_pubsub/install.log'
[0.844s] Invoked command in '/home/hycon/autoware_node/autoware_pubsub' returned '0': PYTHONPATH=/home/hycon/autoware_node/build/autoware_pubsub/prefix_override:/usr/lib/python3/dist-packages/colcon_core/task/python/colcon_distutils_commands:/home/hycon/autoware_node/install/autoware_pubsub/lib/python3.10/site-packages:${PYTHONPATH} /usr/bin/python3 -W ignore:setup.py install is deprecated setup.py egg_info --egg-base ../build/autoware_pubsub build --build-base /home/hycon/autoware_node/build/autoware_pubsub/build install --record /home/hycon/autoware_node/build/autoware_pubsub/install.log --single-version-externally-managed install_data
