[0.110s] DEBUG:colcon:Command line arguments: ['/bin/colcon', 'build', '--packages-select', 'autoware_pubsub']
[0.110s] DEBUG:colcon:Parsed command line arguments: Namespace(log_base=None, log_level=None, verb_name='build', build_base='build', install_base='install', merge_install=False, symlink_install=False, test_result_base=None, continue_on_error=False, executor='parallel', parallel_workers=16, event_handlers=None, ignore_user_meta=False, metas=['./colcon.meta'], base_paths=['.'], packages_ignore=None, packages_ignore_regex=None, paths=None, packages_up_to=None, packages_up_to_regex=None, packages_above=None, packages_above_and_dependencies=None, packages_above_depth=None, packages_select_by_dep=None, packages_skip_by_dep=None, packages_skip_up_to=None, packages_select_build_failed=False, packages_skip_build_finished=False, packages_select_test_failures=False, packages_skip_test_passed=False, packages_select=['autoware_pubsub'], packages_skip=None, packages_select_regex=None, packages_skip_regex=None, packages_start=None, packages_end=None, allow_overriding=[], cmake_args=None, cmake_target=None, cmake_target_skip_unavailable=False, cmake_clean_cache=False, cmake_clean_first=False, cmake_force_configure=False, ament_cmake_args=None, catkin_cmake_args=None, catkin_skip_building_tests=False, mixin_files=None, mixin=None, verb_parser=<colcon_mixin.mixin.mixin_argument.MixinArgumentDecorator object at 0x7928124bd7b0>, verb_extension=<colcon_core.verb.build.BuildVerb object at 0x7928124bd240>, main=<bound method BuildVerb.main of <colcon_core.verb.build.BuildVerb object at 0x7928124bd240>>, mixin_verb=('build',))
[0.314s] Level 1:colcon.colcon_core.package_discovery:discover_packages(colcon_meta) check parameters
[0.314s] Level 1:colcon.colcon_core.package_discovery:discover_packages(recursive) check parameters
[0.314s] Level 1:colcon.colcon_core.package_discovery:discover_packages(ignore) check parameters
[0.314s] Level 1:colcon.colcon_core.package_discovery:discover_packages(path) check parameters
[0.314s] Level 1:colcon.colcon_core.package_discovery:discover_packages(colcon_meta) discover
[0.314s] Level 1:colcon.colcon_core.package_discovery:discover_packages(recursive) discover
[0.314s] INFO:colcon.colcon_core.package_discovery:Crawling recursively for packages in '/home/hycon/autoware_node'
[0.314s] Level 1:colcon.colcon_core.package_identification:_identify(.) by extensions ['ignore', 'ignore_ament_install']
[0.314s] Level 1:colcon.colcon_core.package_identification:_identify(.) by extension 'ignore'
[0.314s] Level 1:colcon.colcon_core.package_identification:_identify(.) by extension 'ignore_ament_install'
[0.315s] Level 1:colcon.colcon_core.package_identification:_identify(.) by extensions ['colcon_pkg']
[0.315s] Level 1:colcon.colcon_core.package_identification:_identify(.) by extension 'colcon_pkg'
[0.315s] Level 1:colcon.colcon_core.package_identification:_identify(.) by extensions ['colcon_meta']
[0.315s] Level 1:colcon.colcon_core.package_identification:_identify(.) by extension 'colcon_meta'
[0.315s] Level 1:colcon.colcon_core.package_identification:_identify(.) by extensions ['ros']
[0.315s] Level 1:colcon.colcon_core.package_identification:_identify(.) by extension 'ros'
[0.325s] Level 1:colcon.colcon_core.package_identification:_identify(.) by extensions ['cmake', 'python']
[0.325s] Level 1:colcon.colcon_core.package_identification:_identify(.) by extension 'cmake'
[0.325s] Level 1:colcon.colcon_core.package_identification:_identify(.) by extension 'python'
[0.325s] Level 1:colcon.colcon_core.package_identification:_identify(.) by extensions ['python_setup_py']
[0.325s] Level 1:colcon.colcon_core.package_identification:_identify(.) by extension 'python_setup_py'
[0.325s] Level 1:colcon.colcon_core.package_identification:_identify(autoware_pubsub) by extensions ['ignore', 'ignore_ament_install']
[0.325s] Level 1:colcon.colcon_core.package_identification:_identify(autoware_pubsub) by extension 'ignore'
[0.325s] Level 1:colcon.colcon_core.package_identification:_identify(autoware_pubsub) by extension 'ignore_ament_install'
[0.325s] Level 1:colcon.colcon_core.package_identification:_identify(autoware_pubsub) by extensions ['colcon_pkg']
[0.325s] Level 1:colcon.colcon_core.package_identification:_identify(autoware_pubsub) by extension 'colcon_pkg'
[0.325s] Level 1:colcon.colcon_core.package_identification:_identify(autoware_pubsub) by extensions ['colcon_meta']
[0.325s] Level 1:colcon.colcon_core.package_identification:_identify(autoware_pubsub) by extension 'colcon_meta'
[0.325s] Level 1:colcon.colcon_core.package_identification:_identify(autoware_pubsub) by extensions ['ros']
[0.325s] Level 1:colcon.colcon_core.package_identification:_identify(autoware_pubsub) by extension 'ros'
[0.327s] DEBUG:colcon.colcon_core.package_identification:Package 'autoware_pubsub' with type 'ros.ament_python' and name 'autoware_pubsub'
[0.327s] Level 1:colcon.colcon_core.package_identification:_identify(build) by extensions ['ignore', 'ignore_ament_install']
[0.327s] Level 1:colcon.colcon_core.package_identification:_identify(build) by extension 'ignore'
[0.327s] Level 1:colcon.colcon_core.package_identification:_identify(build) ignored
[0.327s] Level 1:colcon.colcon_core.package_identification:_identify(install) by extensions ['ignore', 'ignore_ament_install']
[0.327s] Level 1:colcon.colcon_core.package_identification:_identify(install) by extension 'ignore'
[0.327s] Level 1:colcon.colcon_core.package_identification:_identify(install) ignored
[0.327s] Level 1:colcon.colcon_core.package_identification:_identify(log) by extensions ['ignore', 'ignore_ament_install']
[0.327s] Level 1:colcon.colcon_core.package_identification:_identify(log) by extension 'ignore'
[0.327s] Level 1:colcon.colcon_core.package_identification:_identify(log) ignored
[0.327s] Level 1:colcon.colcon_core.package_identification:_identify(src) by extensions ['ignore', 'ignore_ament_install']
[0.327s] Level 1:colcon.colcon_core.package_identification:_identify(src) by extension 'ignore'
[0.327s] Level 1:colcon.colcon_core.package_identification:_identify(src) by extension 'ignore_ament_install'
[0.327s] Level 1:colcon.colcon_core.package_identification:_identify(src) by extensions ['colcon_pkg']
[0.327s] Level 1:colcon.colcon_core.package_identification:_identify(src) by extension 'colcon_pkg'
[0.327s] Level 1:colcon.colcon_core.package_identification:_identify(src) by extensions ['colcon_meta']
[0.327s] Level 1:colcon.colcon_core.package_identification:_identify(src) by extension 'colcon_meta'
[0.327s] Level 1:colcon.colcon_core.package_identification:_identify(src) by extensions ['ros']
[0.327s] Level 1:colcon.colcon_core.package_identification:_identify(src) by extension 'ros'
[0.327s] Level 1:colcon.colcon_core.package_identification:_identify(src) by extensions ['cmake', 'python']
[0.327s] Level 1:colcon.colcon_core.package_identification:_identify(src) by extension 'cmake'
[0.327s] Level 1:colcon.colcon_core.package_identification:_identify(src) by extension 'python'
[0.327s] Level 1:colcon.colcon_core.package_identification:_identify(src) by extensions ['python_setup_py']
[0.327s] Level 1:colcon.colcon_core.package_identification:_identify(src) by extension 'python_setup_py'
[0.327s] Level 1:colcon.colcon_core.package_discovery:discover_packages(recursive) using defaults
[0.327s] Level 1:colcon.colcon_core.package_discovery:discover_packages(ignore) discover
[0.327s] Level 1:colcon.colcon_core.package_discovery:discover_packages(ignore) using defaults
[0.327s] Level 1:colcon.colcon_core.package_discovery:discover_packages(path) discover
[0.327s] Level 1:colcon.colcon_core.package_discovery:discover_packages(path) using defaults
[0.345s] Level 1:colcon.colcon_core.package_discovery:discover_packages(prefix_path) check parameters
[0.345s] Level 1:colcon.colcon_core.package_discovery:discover_packages(prefix_path) discover
[0.358s] DEBUG:colcon.colcon_installed_package_information.package_discovery:Found 399 installed packages in /home/hycon/autoware/install
[0.360s] DEBUG:colcon.colcon_installed_package_information.package_discovery:Found 373 installed packages in /opt/ros/humble
[0.362s] Level 1:colcon.colcon_core.package_discovery:discover_packages(prefix_path) using defaults
[0.620s] Level 5:colcon.colcon_core.verb:set package 'autoware_pubsub' build argument 'cmake_args' from command line to 'None'
[0.620s] Level 5:colcon.colcon_core.verb:set package 'autoware_pubsub' build argument 'cmake_target' from command line to 'None'
[0.620s] Level 5:colcon.colcon_core.verb:set package 'autoware_pubsub' build argument 'cmake_target_skip_unavailable' from command line to 'False'
[0.620s] Level 5:colcon.colcon_core.verb:set package 'autoware_pubsub' build argument 'cmake_clean_cache' from command line to 'False'
[0.620s] Level 5:colcon.colcon_core.verb:set package 'autoware_pubsub' build argument 'cmake_clean_first' from command line to 'False'
[0.620s] Level 5:colcon.colcon_core.verb:set package 'autoware_pubsub' build argument 'cmake_force_configure' from command line to 'False'
[0.620s] Level 5:colcon.colcon_core.verb:set package 'autoware_pubsub' build argument 'ament_cmake_args' from command line to 'None'
[0.620s] Level 5:colcon.colcon_core.verb:set package 'autoware_pubsub' build argument 'catkin_cmake_args' from command line to 'None'
[0.620s] Level 5:colcon.colcon_core.verb:set package 'autoware_pubsub' build argument 'catkin_skip_building_tests' from command line to 'False'
[0.620s] DEBUG:colcon.colcon_core.verb:Building package 'autoware_pubsub' with the following arguments: {'ament_cmake_args': None, 'build_base': '/home/hycon/autoware_node/build/autoware_pubsub', 'catkin_cmake_args': None, 'catkin_skip_building_tests': False, 'cmake_args': None, 'cmake_clean_cache': False, 'cmake_clean_first': False, 'cmake_force_configure': False, 'cmake_target': None, 'cmake_target_skip_unavailable': False, 'install_base': '/home/hycon/autoware_node/install/autoware_pubsub', 'merge_install': False, 'path': '/home/hycon/autoware_node/autoware_pubsub', 'symlink_install': False, 'test_result_base': None}
[0.620s] INFO:colcon.colcon_core.executor:Executing jobs using 'parallel' executor
[0.621s] DEBUG:colcon.colcon_parallel_executor.executor.parallel:run_until_complete
[0.621s] INFO:colcon.colcon_ros.task.ament_python.build:Building ROS package in '/home/hycon/autoware_node/autoware_pubsub' with build type 'ament_python'
[0.621s] Level 1:colcon.colcon_core.shell:create_environment_hook('autoware_pubsub', 'ament_prefix_path')
[0.624s] INFO:colcon.colcon_core.plugin_system:Skipping extension 'colcon_core.shell.bat': Not used on non-Windows systems
[0.624s] INFO:colcon.colcon_core.shell:Creating environment hook '/home/hycon/autoware_node/install/autoware_pubsub/share/autoware_pubsub/hook/ament_prefix_path.ps1'
[0.625s] INFO:colcon.colcon_core.shell:Creating environment descriptor '/home/hycon/autoware_node/install/autoware_pubsub/share/autoware_pubsub/hook/ament_prefix_path.dsv'
[0.625s] INFO:colcon.colcon_core.shell:Creating environment hook '/home/hycon/autoware_node/install/autoware_pubsub/share/autoware_pubsub/hook/ament_prefix_path.sh'
[0.625s] INFO:colcon.colcon_core.shell:Skip shell extension 'powershell' for command environment: Not usable outside of PowerShell
[0.626s] DEBUG:colcon.colcon_core.shell:Skip shell extension 'dsv' for command environment
[0.850s] INFO:colcon.colcon_core.task.python.build:Building Python package in '/home/hycon/autoware_node/autoware_pubsub'
[0.850s] INFO:colcon.colcon_core.shell:Skip shell extension 'powershell' for command environment: Not usable outside of PowerShell
[0.850s] DEBUG:colcon.colcon_core.shell:Skip shell extension 'dsv' for command environment
[1.226s] DEBUG:colcon.colcon_core.event_handler.log_command:Invoking command in '/home/hycon/autoware_node/autoware_pubsub': PYTHONPATH=/home/hycon/autoware_node/build/autoware_pubsub/prefix_override:/usr/lib/python3/dist-packages/colcon_core/task/python/colcon_distutils_commands:/home/hycon/autoware_node/install/autoware_pubsub/lib/python3.10/site-packages:${PYTHONPATH} /usr/bin/python3 -W ignore:setup.py install is deprecated setup.py egg_info --egg-base ../build/autoware_pubsub build --build-base /home/hycon/autoware_node/build/autoware_pubsub/build install --record /home/hycon/autoware_node/build/autoware_pubsub/install.log --single-version-externally-managed install_data
[1.465s] DEBUG:colcon.colcon_core.event_handler.log_command:Invoked command in '/home/hycon/autoware_node/autoware_pubsub' returned '0': PYTHONPATH=/home/hycon/autoware_node/build/autoware_pubsub/prefix_override:/usr/lib/python3/dist-packages/colcon_core/task/python/colcon_distutils_commands:/home/hycon/autoware_node/install/autoware_pubsub/lib/python3.10/site-packages:${PYTHONPATH} /usr/bin/python3 -W ignore:setup.py install is deprecated setup.py egg_info --egg-base ../build/autoware_pubsub build --build-base /home/hycon/autoware_node/build/autoware_pubsub/build install --record /home/hycon/autoware_node/build/autoware_pubsub/install.log --single-version-externally-managed install_data
[1.470s] Level 1:colcon.colcon_core.environment:checking '/home/hycon/autoware_node/install/autoware_pubsub' for CMake module files
[1.470s] Level 1:colcon.colcon_core.environment:checking '/home/hycon/autoware_node/install/autoware_pubsub' for CMake config files
[1.470s] Level 1:colcon.colcon_core.environment:checking '/home/hycon/autoware_node/install/autoware_pubsub/lib'
[1.470s] Level 1:colcon.colcon_core.environment:checking '/home/hycon/autoware_node/install/autoware_pubsub/bin'
[1.470s] Level 1:colcon.colcon_core.environment:checking '/home/hycon/autoware_node/install/autoware_pubsub/lib/pkgconfig/autoware_pubsub.pc'
[1.471s] Level 1:colcon.colcon_core.environment:checking '/home/hycon/autoware_node/install/autoware_pubsub/lib/python3.10/site-packages'
[1.471s] Level 1:colcon.colcon_core.shell:create_environment_hook('autoware_pubsub', 'pythonpath')
[1.471s] INFO:colcon.colcon_core.shell:Creating environment hook '/home/hycon/autoware_node/install/autoware_pubsub/share/autoware_pubsub/hook/pythonpath.ps1'
[1.471s] INFO:colcon.colcon_core.shell:Creating environment descriptor '/home/hycon/autoware_node/install/autoware_pubsub/share/autoware_pubsub/hook/pythonpath.dsv'
[1.471s] INFO:colcon.colcon_core.shell:Creating environment hook '/home/hycon/autoware_node/install/autoware_pubsub/share/autoware_pubsub/hook/pythonpath.sh'
[1.471s] Level 1:colcon.colcon_core.environment:checking '/home/hycon/autoware_node/install/autoware_pubsub/bin'
[1.471s] Level 1:colcon.colcon_core.environment:create_environment_scripts_only(autoware_pubsub)
[1.472s] INFO:colcon.colcon_core.shell:Creating package script '/home/hycon/autoware_node/install/autoware_pubsub/share/autoware_pubsub/package.ps1'
[1.472s] INFO:colcon.colcon_core.shell:Creating package descriptor '/home/hycon/autoware_node/install/autoware_pubsub/share/autoware_pubsub/package.dsv'
[1.472s] INFO:colcon.colcon_core.shell:Creating package script '/home/hycon/autoware_node/install/autoware_pubsub/share/autoware_pubsub/package.sh'
[1.473s] INFO:colcon.colcon_core.shell:Creating package script '/home/hycon/autoware_node/install/autoware_pubsub/share/autoware_pubsub/package.bash'
[1.473s] INFO:colcon.colcon_core.shell:Creating package script '/home/hycon/autoware_node/install/autoware_pubsub/share/autoware_pubsub/package.zsh'
[1.474s] Level 1:colcon.colcon_core.environment:create_file_with_runtime_dependencies(/home/hycon/autoware_node/install/autoware_pubsub/share/colcon-core/packages/autoware_pubsub)
[1.474s] DEBUG:colcon.colcon_parallel_executor.executor.parallel:closing loop
[1.474s] DEBUG:colcon.colcon_parallel_executor.executor.parallel:loop closed
[1.474s] DEBUG:colcon.colcon_parallel_executor.executor.parallel:run_until_complete finished with '0'
[1.474s] DEBUG:colcon.colcon_core.event_reactor:joining thread
[1.480s] INFO:colcon.colcon_core.plugin_system:Skipping extension 'colcon_notification.desktop_notification.terminal_notifier': Not used on non-Darwin systems
[1.480s] INFO:colcon.colcon_core.plugin_system:Skipping extension 'colcon_notification.desktop_notification.win32': Not used on non-Windows systems
[1.480s] INFO:colcon.colcon_notification.desktop_notification:Sending desktop notification using 'notify2'
[1.488s] DEBUG:colcon.colcon_core.event_reactor:joined thread
[1.488s] INFO:colcon.colcon_core.shell:Creating prefix script '/home/hycon/autoware_node/install/local_setup.ps1'
[1.489s] INFO:colcon.colcon_core.shell:Creating prefix util module '/home/hycon/autoware_node/install/_local_setup_util_ps1.py'
[1.490s] INFO:colcon.colcon_core.shell:Creating prefix chain script '/home/hycon/autoware_node/install/setup.ps1'
[1.496s] INFO:colcon.colcon_core.shell:Creating prefix script '/home/hycon/autoware_node/install/local_setup.sh'
[1.496s] INFO:colcon.colcon_core.shell:Creating prefix util module '/home/hycon/autoware_node/install/_local_setup_util_sh.py'
[1.496s] INFO:colcon.colcon_core.shell:Creating prefix chain script '/home/hycon/autoware_node/install/setup.sh'
[1.504s] INFO:colcon.colcon_core.shell:Creating prefix script '/home/hycon/autoware_node/install/local_setup.bash'
[1.504s] INFO:colcon.colcon_core.shell:Creating prefix chain script '/home/hycon/autoware_node/install/setup.bash'
[1.513s] INFO:colcon.colcon_core.shell:Creating prefix script '/home/hycon/autoware_node/install/local_setup.zsh'
[1.513s] INFO:colcon.colcon_core.shell:Creating prefix chain script '/home/hycon/autoware_node/install/setup.zsh'
