running egg_info
creating ../build/autoware_pubsub/autoware_pubsub.egg-info
writing ../build/autoware_pubsub/autoware_pubsub.egg-info/PKG-INFO
writing dependency_links to ../build/autoware_pubsub/autoware_pubsub.egg-info/dependency_links.txt
writing entry points to ../build/autoware_pubsub/autoware_pubsub.egg-info/entry_points.txt
writing requirements to ../build/autoware_pubsub/autoware_pubsub.egg-info/requires.txt
writing top-level names to ../build/autoware_pubsub/autoware_pubsub.egg-info/top_level.txt
writing manifest file '../build/autoware_pubsub/autoware_pubsub.egg-info/SOURCES.txt'
reading manifest file '../build/autoware_pubsub/autoware_pubsub.egg-info/SOURCES.txt'
writing manifest file '../build/autoware_pubsub/autoware_pubsub.egg-info/SOURCES.txt'
running build
running build_py
creating /home/hyconsoft_rnd/autoware_node/build/autoware_pubsub/build
creating /home/hyconsoft_rnd/autoware_node/build/autoware_pubsub/build/lib
creating /home/hyconsoft_rnd/autoware_node/build/autoware_pubsub/build/lib/autoware_pubsub
copying autoware_pubsub/autowaresub.py -> /home/hyconsoft_rnd/autoware_node/build/autoware_pubsub/build/lib/autoware_pubsub
copying autoware_pubsub/__init__.py -> /home/hyconsoft_rnd/autoware_node/build/autoware_pubsub/build/lib/autoware_pubsub
copying autoware_pubsub/autowarepub.py -> /home/hyconsoft_rnd/autoware_node/build/autoware_pubsub/build/lib/autoware_pubsub
running install
running install_lib
creating /home/hyconsoft_rnd/autoware_node/install/autoware_pubsub/lib/python3.10/site-packages/autoware_pubsub
copying /home/hyconsoft_rnd/autoware_node/build/autoware_pubsub/build/lib/autoware_pubsub/autowaresub.py -> /home/hyconsoft_rnd/autoware_node/install/autoware_pubsub/lib/python3.10/site-packages/autoware_pubsub
copying /home/hyconsoft_rnd/autoware_node/build/autoware_pubsub/build/lib/autoware_pubsub/__init__.py -> /home/hyconsoft_rnd/autoware_node/install/autoware_pubsub/lib/python3.10/site-packages/autoware_pubsub
copying /home/hyconsoft_rnd/autoware_node/build/autoware_pubsub/build/lib/autoware_pubsub/autowarepub.py -> /home/hyconsoft_rnd/autoware_node/install/autoware_pubsub/lib/python3.10/site-packages/autoware_pubsub
byte-compiling /home/hyconsoft_rnd/autoware_node/install/autoware_pubsub/lib/python3.10/site-packages/autoware_pubsub/autowaresub.py to autowaresub.cpython-310.pyc
byte-compiling /home/hyconsoft_rnd/autoware_node/install/autoware_pubsub/lib/python3.10/site-packages/autoware_pubsub/__init__.py to __init__.cpython-310.pyc
byte-compiling /home/hyconsoft_rnd/autoware_node/install/autoware_pubsub/lib/python3.10/site-packages/autoware_pubsub/autowarepub.py to autowarepub.cpython-310.pyc
running install_data
creating /home/hyconsoft_rnd/autoware_node/install/autoware_pubsub/share/ament_index
creating /home/hyconsoft_rnd/autoware_node/install/autoware_pubsub/share/ament_index/resource_index
creating /home/hyconsoft_rnd/autoware_node/install/autoware_pubsub/share/ament_index/resource_index/packages
copying resource/autoware_pubsub -> /home/hyconsoft_rnd/autoware_node/install/autoware_pubsub/share/ament_index/resource_index/packages
copying package.xml -> /home/hyconsoft_rnd/autoware_node/install/autoware_pubsub/share/autoware_pubsub
running install_egg_info
Copying ../build/autoware_pubsub/autoware_pubsub.egg-info to /home/hyconsoft_rnd/autoware_node/install/autoware_pubsub/lib/python3.10/site-packages/autoware_pubsub-0.0.0-py3.10.egg-info
running install_scripts
Installing autoware_pub script to /home/hyconsoft_rnd/autoware_node/install/autoware_pubsub/lib/autoware_pubsub
Installing autoware_sub script to /home/hyconsoft_rnd/autoware_node/install/autoware_pubsub/lib/autoware_pubsub
writing list of installed files to '/home/hyconsoft_rnd/autoware_node/build/autoware_pubsub/install.log'
