/home/hycon/autoware_node/install/autoware_pubsub/lib/python3.10/site-packages/autoware_pubsub/test_pb2_grpc.py
/home/hycon/autoware_node/install/autoware_pubsub/lib/python3.10/site-packages/autoware_pubsub/autowarepub (another copy).py
/home/hycon/autoware_node/install/autoware_pubsub/lib/python3.10/site-packages/autoware_pubsub/autowaresub.py
/home/hycon/autoware_node/install/autoware_pubsub/lib/python3.10/site-packages/autoware_pubsub/autowarepub.py
/home/hycon/autoware_node/install/autoware_pubsub/lib/python3.10/site-packages/autoware_pubsub/autowarepub (copy).py
/home/hycon/autoware_node/install/autoware_pubsub/lib/python3.10/site-packages/autoware_pubsub/test_pb2.py
/home/hycon/autoware_node/install/autoware_pubsub/lib/python3.10/site-packages/autoware_pubsub/__init__.py
/home/hycon/autoware_node/install/autoware_pubsub/lib/python3.10/site-packages/autoware_pubsub/__pycache__/test_pb2_grpc.cpython-310.pyc
/home/hycon/autoware_node/install/autoware_pubsub/lib/python3.10/site-packages/autoware_pubsub/__pycache__/autowarepub (another copy).cpython-310.pyc
/home/hycon/autoware_node/install/autoware_pubsub/lib/python3.10/site-packages/autoware_pubsub/__pycache__/autowaresub.cpython-310.pyc
/home/hycon/autoware_node/install/autoware_pubsub/lib/python3.10/site-packages/autoware_pubsub/__pycache__/autowarepub.cpython-310.pyc
/home/hycon/autoware_node/install/autoware_pubsub/lib/python3.10/site-packages/autoware_pubsub/__pycache__/autowarepub (copy).cpython-310.pyc
/home/hycon/autoware_node/install/autoware_pubsub/lib/python3.10/site-packages/autoware_pubsub/__pycache__/test_pb2.cpython-310.pyc
/home/hycon/autoware_node/install/autoware_pubsub/lib/python3.10/site-packages/autoware_pubsub/__pycache__/__init__.cpython-310.pyc
/home/hycon/autoware_node/install/autoware_pubsub/share/ament_index/resource_index/packages/autoware_pubsub
/home/hycon/autoware_node/install/autoware_pubsub/share/autoware_pubsub/package.xml
/home/hycon/autoware_node/install/autoware_pubsub/lib/python3.10/site-packages/autoware_pubsub-0.0.0-py3.10.egg-info/dependency_links.txt
/home/hycon/autoware_node/install/autoware_pubsub/lib/python3.10/site-packages/autoware_pubsub-0.0.0-py3.10.egg-info/entry_points.txt
/home/hycon/autoware_node/install/autoware_pubsub/lib/python3.10/site-packages/autoware_pubsub-0.0.0-py3.10.egg-info/zip-safe
/home/hycon/autoware_node/install/autoware_pubsub/lib/python3.10/site-packages/autoware_pubsub-0.0.0-py3.10.egg-info/SOURCES.txt
/home/hycon/autoware_node/install/autoware_pubsub/lib/python3.10/site-packages/autoware_pubsub-0.0.0-py3.10.egg-info/requires.txt
/home/hycon/autoware_node/install/autoware_pubsub/lib/python3.10/site-packages/autoware_pubsub-0.0.0-py3.10.egg-info/top_level.txt
/home/hycon/autoware_node/install/autoware_pubsub/lib/python3.10/site-packages/autoware_pubsub-0.0.0-py3.10.egg-info/PKG-INFO
/home/hycon/autoware_node/install/autoware_pubsub/lib/autoware_pubsub/pub
/home/hycon/autoware_node/install/autoware_pubsub/lib/autoware_pubsub/sub
