[0.341s] Invoking command in '/home/hyconsoft_rnd/autoware_node/autoware_pubsub': PYTHONPATH=/home/hyconsoft_rnd/autoware_node/build/autoware_pubsub/prefix_override:/home/hyconsoft_rnd/autoware_node/install/autoware_pubsub/lib/python3.10/site-packages:${PYTHONPATH} /usr/bin/python3 -W ignore:setup.py install is deprecated setup.py egg_info --egg-base ../build/autoware_pubsub build --build-base /home/hyconsoft_rnd/autoware_node/build/autoware_pubsub/build install --record /home/hyconsoft_rnd/autoware_node/build/autoware_pubsub/install.log --single-version-externally-managed install_data
[0.464s] running egg_info
[0.464s] writing ../build/autoware_pubsub/autoware_pubsub.egg-info/PKG-INFO
[0.464s] writing dependency_links to ../build/autoware_pubsub/autoware_pubsub.egg-info/dependency_links.txt
[0.464s] writing entry points to ../build/autoware_pubsub/autoware_pubsub.egg-info/entry_points.txt
[0.464s] writing requirements to ../build/autoware_pubsub/autoware_pubsub.egg-info/requires.txt
[0.465s] writing top-level names to ../build/autoware_pubsub/autoware_pubsub.egg-info/top_level.txt
[0.465s] reading manifest file '../build/autoware_pubsub/autoware_pubsub.egg-info/SOURCES.txt'
[0.466s] writing manifest file '../build/autoware_pubsub/autoware_pubsub.egg-info/SOURCES.txt'
[0.466s] running build
[0.466s] running build_py
[0.466s] running install
[0.466s] running install_lib
[0.467s] running install_data
[0.467s] running install_egg_info
[0.467s] removing '/home/hyconsoft_rnd/autoware_node/install/autoware_pubsub/lib/python3.10/site-packages/autoware_pubsub-0.0.0-py3.10.egg-info' (and everything under it)
[0.468s] Copying ../build/autoware_pubsub/autoware_pubsub.egg-info to /home/hyconsoft_rnd/autoware_node/install/autoware_pubsub/lib/python3.10/site-packages/autoware_pubsub-0.0.0-py3.10.egg-info
[0.468s] running install_scripts
[0.478s] Installing pub script to /home/hyconsoft_rnd/autoware_node/install/autoware_pubsub/lib/autoware_pubsub
[0.478s] Installing sub script to /home/hyconsoft_rnd/autoware_node/install/autoware_pubsub/lib/autoware_pubsub
[0.478s] writing list of installed files to '/home/hyconsoft_rnd/autoware_node/build/autoware_pubsub/install.log'
[0.489s] Invoked command in '/home/hyconsoft_rnd/autoware_node/autoware_pubsub' returned '0': PYTHONPATH=/home/hyconsoft_rnd/autoware_node/build/autoware_pubsub/prefix_override:/home/hyconsoft_rnd/autoware_node/install/autoware_pubsub/lib/python3.10/site-packages:${PYTHONPATH} /usr/bin/python3 -W ignore:setup.py install is deprecated setup.py egg_info --egg-base ../build/autoware_pubsub build --build-base /home/hyconsoft_rnd/autoware_node/build/autoware_pubsub/build install --record /home/hyconsoft_rnd/autoware_node/build/autoware_pubsub/install.log --single-version-externally-managed install_data
