[0.322s] Invoking command in '/home/hyconsoft_rnd/autoware_node/autoware_pubsub': PYTHONPATH=/home/hyconsoft_rnd/autoware_node/build/autoware_pubsub/prefix_override:/home/hyconsoft_rnd/autoware_node/install/autoware_pubsub/lib/python3.10/site-packages:${PYTHONPATH} /usr/bin/python3 -W ignore:setup.py install is deprecated setup.py egg_info --egg-base ../build/autoware_pubsub build --build-base /home/hyconsoft_rnd/autoware_node/build/autoware_pubsub/build install --record /home/hyconsoft_rnd/autoware_node/build/autoware_pubsub/install.log --single-version-externally-managed install_data
[0.439s] running egg_info
[0.439s] writing ../build/autoware_pubsub/autoware_pubsub.egg-info/PKG-INFO
[0.439s] writing dependency_links to ../build/autoware_pubsub/autoware_pubsub.egg-info/dependency_links.txt
[0.440s] writing entry points to ../build/autoware_pubsub/autoware_pubsub.egg-info/entry_points.txt
[0.440s] writing requirements to ../build/autoware_pubsub/autoware_pubsub.egg-info/requires.txt
[0.440s] writing top-level names to ../build/autoware_pubsub/autoware_pubsub.egg-info/top_level.txt
[0.440s] reading manifest file '../build/autoware_pubsub/autoware_pubsub.egg-info/SOURCES.txt'
[0.441s] writing manifest file '../build/autoware_pubsub/autoware_pubsub.egg-info/SOURCES.txt'
[0.441s] running build
[0.441s] running build_py
[0.441s] copying autoware_pubsub/autowaresub.py -> /home/hyconsoft_rnd/autoware_node/build/autoware_pubsub/build/lib/autoware_pubsub
[0.441s] running install
[0.441s] running install_lib
[0.442s] copying /home/hyconsoft_rnd/autoware_node/build/autoware_pubsub/build/lib/autoware_pubsub/autowaresub.py -> /home/hyconsoft_rnd/autoware_node/install/autoware_pubsub/lib/python3.10/site-packages/autoware_pubsub
[0.442s] byte-compiling /home/hyconsoft_rnd/autoware_node/install/autoware_pubsub/lib/python3.10/site-packages/autoware_pubsub/autowaresub.py to autowaresub.cpython-310.pyc
[0.442s] running install_data
[0.442s] running install_egg_info
[0.443s] removing '/home/hyconsoft_rnd/autoware_node/install/autoware_pubsub/lib/python3.10/site-packages/autoware_pubsub-0.0.0-py3.10.egg-info' (and everything under it)
[0.443s] Copying ../build/autoware_pubsub/autoware_pubsub.egg-info to /home/hyconsoft_rnd/autoware_node/install/autoware_pubsub/lib/python3.10/site-packages/autoware_pubsub-0.0.0-py3.10.egg-info
[0.444s] running install_scripts
[0.454s] Installing pub script to /home/hyconsoft_rnd/autoware_node/install/autoware_pubsub/lib/autoware_pubsub
[0.454s] Installing sub script to /home/hyconsoft_rnd/autoware_node/install/autoware_pubsub/lib/autoware_pubsub
[0.454s] writing list of installed files to '/home/hyconsoft_rnd/autoware_node/build/autoware_pubsub/install.log'
[0.465s] Invoked command in '/home/hyconsoft_rnd/autoware_node/autoware_pubsub' returned '0': PYTHONPATH=/home/hyconsoft_rnd/autoware_node/build/autoware_pubsub/prefix_override:/home/hyconsoft_rnd/autoware_node/install/autoware_pubsub/lib/python3.10/site-packages:${PYTHONPATH} /usr/bin/python3 -W ignore:setup.py install is deprecated setup.py egg_info --egg-base ../build/autoware_pubsub build --build-base /home/hyconsoft_rnd/autoware_node/build/autoware_pubsub/build install --record /home/hyconsoft_rnd/autoware_node/build/autoware_pubsub/install.log --single-version-externally-managed install_data
