[0.402s] Invoking command in '/home/hyconsoft_rnd/autoware_node/autoware_pubsub': PYTHONPATH=/home/hyconsoft_rnd/autoware_node/build/autoware_pubsub/prefix_override:/home/hyconsoft_rnd/autoware_node/install/autoware_pubsub/lib/python3.10/site-packages:${PYTHONPATH} /usr/bin/python3 -W ignore:setup.py install is deprecated setup.py egg_info --egg-base ../build/autoware_pubsub build --build-base /home/hyconsoft_rnd/autoware_node/build/autoware_pubsub/build install --record /home/hyconsoft_rnd/autoware_node/build/autoware_pubsub/install.log --single-version-externally-managed install_data
[0.527s] running egg_info
[0.528s] writing ../build/autoware_pubsub/autoware_pubsub.egg-info/PKG-INFO
[0.536s] writing dependency_links to ../build/autoware_pubsub/autoware_pubsub.egg-info/dependency_links.txt
[0.536s] writing entry points to ../build/autoware_pubsub/autoware_pubsub.egg-info/entry_points.txt
[0.536s] writing requirements to ../build/autoware_pubsub/autoware_pubsub.egg-info/requires.txt
[0.536s] writing top-level names to ../build/autoware_pubsub/autoware_pubsub.egg-info/top_level.txt
[0.537s] reading manifest file '../build/autoware_pubsub/autoware_pubsub.egg-info/SOURCES.txt'
[0.538s] writing manifest file '../build/autoware_pubsub/autoware_pubsub.egg-info/SOURCES.txt'
[0.538s] running build
[0.538s] running build_py
[0.538s] copying autoware_pubsub/autowarepub (copy).py -> /home/hyconsoft_rnd/autoware_node/build/autoware_pubsub/build/lib/autoware_pubsub
[0.538s] copying autoware_pubsub/autowarepub.py -> /home/hyconsoft_rnd/autoware_node/build/autoware_pubsub/build/lib/autoware_pubsub
[0.539s] running install
[0.539s] running install_lib
[0.539s] copying /home/hyconsoft_rnd/autoware_node/build/autoware_pubsub/build/lib/autoware_pubsub/autowarepub (copy).py -> /home/hyconsoft_rnd/autoware_node/install/autoware_pubsub/lib/python3.10/site-packages/autoware_pubsub
[0.539s] copying /home/hyconsoft_rnd/autoware_node/build/autoware_pubsub/build/lib/autoware_pubsub/autowarepub.py -> /home/hyconsoft_rnd/autoware_node/install/autoware_pubsub/lib/python3.10/site-packages/autoware_pubsub
[0.539s] byte-compiling /home/hyconsoft_rnd/autoware_node/install/autoware_pubsub/lib/python3.10/site-packages/autoware_pubsub/autowarepub (copy).py to autowarepub (copy).cpython-310.pyc
[0.540s] byte-compiling /home/hyconsoft_rnd/autoware_node/install/autoware_pubsub/lib/python3.10/site-packages/autoware_pubsub/autowarepub.py to autowarepub.cpython-310.pyc
[0.540s] running install_data
[0.540s] running install_egg_info
[0.541s] removing '/home/hyconsoft_rnd/autoware_node/install/autoware_pubsub/lib/python3.10/site-packages/autoware_pubsub-0.0.0-py3.10.egg-info' (and everything under it)
[0.541s] Copying ../build/autoware_pubsub/autoware_pubsub.egg-info to /home/hyconsoft_rnd/autoware_node/install/autoware_pubsub/lib/python3.10/site-packages/autoware_pubsub-0.0.0-py3.10.egg-info
[0.541s] running install_scripts
[0.552s] Installing pub script to /home/hyconsoft_rnd/autoware_node/install/autoware_pubsub/lib/autoware_pubsub
[0.552s] Installing sub script to /home/hyconsoft_rnd/autoware_node/install/autoware_pubsub/lib/autoware_pubsub
[0.552s] writing list of installed files to '/home/hyconsoft_rnd/autoware_node/build/autoware_pubsub/install.log'
[0.565s] Invoked command in '/home/hyconsoft_rnd/autoware_node/autoware_pubsub' returned '0': PYTHONPATH=/home/hyconsoft_rnd/autoware_node/build/autoware_pubsub/prefix_override:/home/hyconsoft_rnd/autoware_node/install/autoware_pubsub/lib/python3.10/site-packages:${PYTHONPATH} /usr/bin/python3 -W ignore:setup.py install is deprecated setup.py egg_info --egg-base ../build/autoware_pubsub build --build-base /home/hyconsoft_rnd/autoware_node/build/autoware_pubsub/build install --record /home/hyconsoft_rnd/autoware_node/build/autoware_pubsub/install.log --single-version-externally-managed install_data
